<?xml version="1.0" encoding="UTF-8"?>
<!-- Generated by org.testng.reporters.JUnitReportReporter -->
<testsuite hostname="Ramon" failures="0" tests="1" name="Test.day1" time="0.003" errors="0" timestamp="30 jul 2019 19:03:55 GMT" skipped="0">
  <testcase classname="Test.day1" name="Demo" time="0.003"/>
</testsuite> <!-- Test.day1 -->
