<?xml version="1.0" encoding="UTF-8"?>
<!-- Generated by org.testng.reporters.JUnitReportReporter -->
<testsuite hostname="Ramon" failures="0" tests="2" name="Test.day3" time="0.001" errors="0" timestamp="30 jul 2019 21:37:30 GMT" skipped="1">
  <testcase classname="Test.day3" name="MobileLoginCarLogan" time="0.001"/>
  <testcase classname="Test.day3" name="mobileX">
    <skipped/>
  </testcase> <!-- mobileX -->
</testsuite> <!-- Test.day3 -->
