<?xml version="1.0" encoding="UTF-8"?>
<!-- Generated by org.testng.reporters.JUnitReportReporter -->
<testsuite hostname="Ramon" failures="0" tests="3" name="Test.day4" time="0.001" errors="0" timestamp="30 jul 2019 21:37:30 GMT" skipped="0">
  <testcase classname="Test.day4" name="MobileHomeCarLogan" time="0.000"/>
  <testcase classname="Test.day4" name="LoginAPIHomeLoan" time="0.001"/>
  <testcase classname="Test.day4" name="WebloginHomeLoan" time="0.000"/>
</testsuite> <!-- Test.day4 -->
