<?xml version="1.0" encoding="UTF-8"?>
<!-- Generated by org.testng.reporters.JUnitReportReporter -->
<testsuite hostname="Ramon" failures="0" tests="1" name="Test.day2" time="0.004" errors="0" timestamp="30 jul 2019 21:37:30 GMT" skipped="0">
  <testcase classname="Test.day2" name="gdl" time="0.004"/>
</testsuite> <!-- Test.day2 -->
